<?xml version="1.0" encoding="UTF-8"?>
<testsuite name="com.sky.news.NewsApiApplicationTests" tests="1" skipped="0" failures="0" errors="0" timestamp="2016-08-24T13:27:36" hostname="LEEML0253467" time="0.012">
  <properties/>
  <testcase name="contextLoads" classname="com.sky.news.NewsApiApplicationTests" time="0.012"/>
  <system-out><![CDATA[14:27:34.303 [Test worker] DEBUG org.springframework.test.context.junit4.SpringJUnit4ClassRunner - SpringJUnit4ClassRunner constructor called with [class com.sky.news.NewsApiApplicationTests]
14:27:34.307 [Test worker] DEBUG org.springframework.test.context.BootstrapUtils - Instantiating CacheAwareContextLoaderDelegate from class [org.springframework.test.context.cache.DefaultCacheAwareContextLoaderDelegate]
14:27:34.313 [Test worker] DEBUG org.springframework.test.context.BootstrapUtils - Instantiating BootstrapContext using constructor [public org.springframework.test.context.support.DefaultBootstrapContext(java.lang.Class,org.springframework.test.context.CacheAwareContextLoaderDelegate)]
14:27:34.326 [Test worker] DEBUG org.springframework.test.context.BootstrapUtils - Instantiating TestContextBootstrapper for test class [com.sky.news.NewsApiApplicationTests] from class [org.springframework.boot.test.context.SpringBootTestContextBootstrapper]
14:27:34.336 [Test worker] INFO org.springframework.boot.test.context.SpringBootTestContextBootstrapper - Neither @ContextConfiguration nor @ContextHierarchy found for test class [com.sky.news.NewsApiApplicationTests], using SpringBootContextLoader
14:27:34.339 [Test worker] DEBUG org.springframework.test.context.support.AbstractContextLoader - Did not detect default resource location for test class [com.sky.news.NewsApiApplicationTests]: class path resource [com/sky/news/NewsApiApplicationTests-context.xml] does not exist
14:27:34.339 [Test worker] DEBUG org.springframework.test.context.support.AbstractContextLoader - Did not detect default resource location for test class [com.sky.news.NewsApiApplicationTests]: class path resource [com/sky/news/NewsApiApplicationTestsContext.groovy] does not exist
14:27:34.339 [Test worker] INFO org.springframework.test.context.support.AbstractContextLoader - Could not detect default resource locations for test class [com.sky.news.NewsApiApplicationTests]: no resource found for suffixes {-context.xml, Context.groovy}.
14:27:34.340 [Test worker] INFO org.springframework.test.context.support.AnnotationConfigContextLoaderUtils - Could not detect default configuration classes for test class [com.sky.news.NewsApiApplicationTests]: NewsApiApplicationTests does not declare any static, non-private, non-final, nested classes annotated with @Configuration.
14:27:34.370 [Test worker] DEBUG org.springframework.test.context.support.ActiveProfilesUtils - Could not find an 'annotation declaring class' for annotation type [org.springframework.test.context.ActiveProfiles] and class [com.sky.news.NewsApiApplicationTests]
14:27:34.401 [Test worker] DEBUG org.springframework.core.env.StandardEnvironment - Adding [systemProperties] PropertySource with lowest search precedence
14:27:34.401 [Test worker] DEBUG org.springframework.core.env.StandardEnvironment - Adding [systemEnvironment] PropertySource with lowest search precedence
14:27:34.401 [Test worker] DEBUG org.springframework.core.env.StandardEnvironment - Initialized StandardEnvironment with PropertySources [systemProperties,systemEnvironment]
14:27:34.409 [Test worker] DEBUG org.springframework.core.io.support.PathMatchingResourcePatternResolver - Resolved classpath location [com/sky/news/] to resources [URL [file:/Users/cra40/sky_dev/newsAPI/build/classes/test/com/sky/news/], URL [file:/Users/cra40/sky_dev/newsAPI/build/classes/main/com/sky/news/]]
14:27:34.409 [Test worker] DEBUG org.springframework.core.io.support.PathMatchingResourcePatternResolver - Looking for matching resources in directory tree [/Users/cra40/sky_dev/newsAPI/build/classes/test/com/sky/news]
14:27:34.409 [Test worker] DEBUG org.springframework.core.io.support.PathMatchingResourcePatternResolver - Searching directory [/Users/cra40/sky_dev/newsAPI/build/classes/test/com/sky/news] for files matching pattern [/Users/cra40/sky_dev/newsAPI/build/classes/test/com/sky/news/*.class]
14:27:34.412 [Test worker] DEBUG org.springframework.core.io.support.PathMatchingResourcePatternResolver - Looking for matching resources in directory tree [/Users/cra40/sky_dev/newsAPI/build/classes/main/com/sky/news]
14:27:34.412 [Test worker] DEBUG org.springframework.core.io.support.PathMatchingResourcePatternResolver - Searching directory [/Users/cra40/sky_dev/newsAPI/build/classes/main/com/sky/news] for files matching pattern [/Users/cra40/sky_dev/newsAPI/build/classes/main/com/sky/news/*.class]
14:27:34.413 [Test worker] DEBUG org.springframework.core.io.support.PathMatchingResourcePatternResolver - Resolved location pattern [classpath*:com/sky/news/*.class] to resources [file [/Users/cra40/sky_dev/newsAPI/build/classes/test/com/sky/news/NewsApiApplicationTests.class], file [/Users/cra40/sky_dev/newsAPI/build/classes/main/com/sky/news/NewsApiApplication.class]]
14:27:34.447 [Test worker] DEBUG org.springframework.context.annotation.ClassPathScanningCandidateComponentProvider - Identified candidate component class: file [/Users/cra40/sky_dev/newsAPI/build/classes/main/com/sky/news/NewsApiApplication.class]
14:27:34.448 [Test worker] INFO org.springframework.boot.test.context.SpringBootTestContextBootstrapper - Found @SpringBootConfiguration com.sky.news.NewsApiApplication for test class com.sky.news.NewsApiApplicationTests
14:27:34.451 [Test worker] DEBUG org.springframework.boot.test.context.SpringBootTestContextBootstrapper - @TestExecutionListeners is not present for class [com.sky.news.NewsApiApplicationTests]: using defaults.
14:27:34.454 [Test worker] INFO org.springframework.boot.test.context.SpringBootTestContextBootstrapper - Loaded default TestExecutionListener class names from location [META-INF/spring.factories]: [org.springframework.boot.test.mock.mockito.MockitoTestExecutionListener, org.springframework.boot.test.mock.mockito.ResetMocksTestExecutionListener, org.springframework.boot.test.autoconfigure.AutoConfigureReportTestExecutionListener, org.springframework.boot.test.autoconfigure.restdocs.RestDocsTestExecutionListener, org.springframework.boot.test.autoconfigure.web.client.MockRestServiceServerResetTestExecutionListener, org.springframework.test.context.web.ServletTestExecutionListener, org.springframework.test.context.support.DirtiesContextBeforeModesTestExecutionListener, org.springframework.test.context.support.DependencyInjectionTestExecutionListener, org.springframework.test.context.support.DirtiesContextTestExecutionListener, org.springframework.test.context.transaction.TransactionalTestExecutionListener, org.springframework.test.context.jdbc.SqlScriptsTestExecutionListener]
14:27:34.460 [Test worker] INFO org.springframework.boot.test.context.SpringBootTestContextBootstrapper - Could not instantiate TestExecutionListener [org.springframework.test.context.jdbc.SqlScriptsTestExecutionListener]. Specify custom listener classes or make the default listener classes (and their required dependencies) available. Offending class: [org/springframework/transaction/interceptor/TransactionAttribute]
14:27:34.462 [Test worker] INFO org.springframework.boot.test.context.SpringBootTestContextBootstrapper - Could not instantiate TestExecutionListener [org.springframework.test.context.transaction.TransactionalTestExecutionListener]. Specify custom listener classes or make the default listener classes (and their required dependencies) available. Offending class: [org/springframework/transaction/interceptor/TransactionAttributeSource]
14:27:34.464 [Test worker] INFO org.springframework.boot.test.context.SpringBootTestContextBootstrapper - Using TestExecutionListeners: [org.springframework.test.context.web.ServletTestExecutionListener@5a8be88a, org.springframework.test.context.support.DirtiesContextBeforeModesTestExecutionListener@35e20d89, org.springframework.boot.test.autoconfigure.AutoConfigureReportTestExecutionListener@574e7602, org.springframework.test.context.support.DependencyInjectionTestExecutionListener@f8715c3, org.springframework.test.context.support.DirtiesContextTestExecutionListener@acd6301, org.springframework.boot.test.autoconfigure.restdocs.RestDocsTestExecutionListener@2fe6b994, org.springframework.boot.test.mock.mockito.ResetMocksTestExecutionListener@bbc240c, org.springframework.boot.test.mock.mockito.MockitoTestExecutionListener@3ca211b5, org.springframework.boot.test.autoconfigure.web.client.MockRestServiceServerResetTestExecutionListener@5d96b84b]
14:27:34.468 [Test worker] DEBUG org.springframework.test.annotation.ProfileValueUtils - Retrieved @ProfileValueSourceConfiguration [null] for test class [com.sky.news.NewsApiApplicationTests]
14:27:34.468 [Test worker] DEBUG org.springframework.test.annotation.ProfileValueUtils - Retrieved ProfileValueSource type [class org.springframework.test.annotation.SystemProfileValueSource] for class [com.sky.news.NewsApiApplicationTests]
14:27:34.469 [Test worker] DEBUG org.springframework.test.annotation.ProfileValueUtils - Retrieved @ProfileValueSourceConfiguration [null] for test class [com.sky.news.NewsApiApplicationTests]
14:27:34.469 [Test worker] DEBUG org.springframework.test.annotation.ProfileValueUtils - Retrieved ProfileValueSource type [class org.springframework.test.annotation.SystemProfileValueSource] for class [com.sky.news.NewsApiApplicationTests]
14:27:34.474 [Test worker] DEBUG org.springframework.test.context.support.AbstractDirtiesContextTestExecutionListener - Before test class: context [DefaultTestContext@56895097 testClass = NewsApiApplicationTests, testInstance = [null], testMethod = [null], testException = [null], mergedContextConfiguration = [WebMergedContextConfiguration@25ea4414 testClass = NewsApiApplicationTests, locations = '{}', classes = '{class com.sky.news.NewsApiApplication}', contextInitializerClasses = '[]', activeProfiles = '{}', propertySourceLocations = '{}', propertySourceProperties = '{org.springframework.boot.test.context.SpringBootTestContextBootstrapper=true}', contextCustomizers = set[org.springframework.boot.test.context.SpringBootTestContextCustomizer@245a4038, org.springframework.boot.test.context.filter.ExcludeFilterContextCustomizer@2c72af67, org.springframework.boot.test.mock.mockito.MockitoContextCustomizer@0, org.springframework.boot.test.autoconfigure.properties.PropertyMappingContextCustomizer@0], resourceBasePath = 'src/main/webapp', contextLoader = 'org.springframework.boot.test.context.SpringBootContextLoader', parent = [null]]], class annotated with @DirtiesContext [false] with mode [null].
14:27:34.474 [Test worker] DEBUG org.springframework.test.annotation.ProfileValueUtils - Retrieved @ProfileValueSourceConfiguration [null] for test class [com.sky.news.NewsApiApplicationTests]
14:27:34.474 [Test worker] DEBUG org.springframework.test.annotation.ProfileValueUtils - Retrieved ProfileValueSource type [class org.springframework.test.annotation.SystemProfileValueSource] for class [com.sky.news.NewsApiApplicationTests]
14:27:34.494 [Test worker] DEBUG org.springframework.core.env.StandardEnvironment - Adding [systemProperties] PropertySource with lowest search precedence
14:27:34.494 [Test worker] DEBUG org.springframework.core.env.StandardEnvironment - Adding [systemEnvironment] PropertySource with lowest search precedence
14:27:34.495 [Test worker] DEBUG org.springframework.core.env.StandardEnvironment - Initialized StandardEnvironment with PropertySources [systemProperties,systemEnvironment]
14:27:34.496 [Test worker] DEBUG org.springframework.test.context.support.TestPropertySourceUtils - Adding inlined properties to environment: {spring.jmx.enabled=false, org.springframework.boot.test.context.SpringBootTestContextBootstrapper=true, server.port=-1}
14:27:34.496 [Test worker] DEBUG org.springframework.core.env.StandardEnvironment - Adding [Inlined Test Properties] PropertySource with highest search precedence

  .   ____          _            __ _ _
 /\\ / ___'_ __ _ _(_)_ __  __ _ \ \ \ \
( ( )\___ | '_ | '_| | '_ \/ _` | \ \ \ \
 \\/  ___)| |_)| | | | | || (_| |  ) ) ) )
  '  |____| .__|_| |_|_| |_\__, | / / / /
 =========|_|==============|___/=/_/_/_/
 :: Spring Boot ::        (v1.4.0.RELEASE)

2016-08-24 14:27:35.216  INFO 9821 --- [    Test worker] com.sky.news.NewsApiApplicationTests     : Starting NewsApiApplicationTests on LEEML0253467 with PID 9821 (started by cra40 in /Users/cra40/sky_dev/newsAPI)
2016-08-24 14:27:35.217  INFO 9821 --- [    Test worker] com.sky.news.NewsApiApplicationTests     : No active profile set, falling back to default profiles: default
2016-08-24 14:27:35.253  INFO 9821 --- [    Test worker] o.s.w.c.s.GenericWebApplicationContext   : Refreshing org.springframework.web.context.support.GenericWebApplicationContext@19c7197e: startup date [Wed Aug 24 14:27:35 BST 2016]; root of context hierarchy
2016-08-24 14:27:35.906  INFO 9821 --- [    Test worker] trationDelegate$BeanPostProcessorChecker : Bean 'org.springframework.ws.config.annotation.DelegatingWsConfiguration' of type [class org.springframework.ws.config.annotation.DelegatingWsConfiguration$$EnhancerBySpringCGLIB$$b063bf9e] is not eligible for getting processed by all BeanPostProcessors (for example: not eligible for auto-proxying)
2016-08-24 14:27:35.941  INFO 9821 --- [    Test worker] .w.s.a.s.AnnotationActionEndpointMapping : Supporting [WS-Addressing August 2004, WS-Addressing 1.0]
2016-08-24 14:27:36.476  INFO 9821 --- [    Test worker] s.w.s.m.m.a.RequestMappingHandlerAdapter : Looking for @ControllerAdvice: org.springframework.web.context.support.GenericWebApplicationContext@19c7197e: startup date [Wed Aug 24 14:27:35 BST 2016]; root of context hierarchy
2016-08-24 14:27:36.521  INFO 9821 --- [    Test worker] s.w.s.m.m.a.RequestMappingHandlerMapping : Mapped "{[/newsFeed],methods=[GET],produces=[application/json]}" onto public java.util.List<com.sky.news.model.NewsItem> com.sky.news.controller.NewsController.getNews()
2016-08-24 14:27:36.524  INFO 9821 --- [    Test worker] s.w.s.m.m.a.RequestMappingHandlerMapping : Mapped "{[/error]}" onto public org.springframework.http.ResponseEntity<java.util.Map<java.lang.String, java.lang.Object>> org.springframework.boot.autoconfigure.web.BasicErrorController.error(javax.servlet.http.HttpServletRequest)
2016-08-24 14:27:36.524  INFO 9821 --- [    Test worker] s.w.s.m.m.a.RequestMappingHandlerMapping : Mapped "{[/error],produces=[text/html]}" onto public org.springframework.web.servlet.ModelAndView org.springframework.boot.autoconfigure.web.BasicErrorController.errorHtml(javax.servlet.http.HttpServletRequest,javax.servlet.http.HttpServletResponse)
2016-08-24 14:27:36.548  INFO 9821 --- [    Test worker] o.s.w.s.handler.SimpleUrlHandlerMapping  : Mapped URL path [/webjars/**] onto handler of type [class org.springframework.web.servlet.resource.ResourceHttpRequestHandler]
2016-08-24 14:27:36.548  INFO 9821 --- [    Test worker] o.s.w.s.handler.SimpleUrlHandlerMapping  : Mapped URL path [/**] onto handler of type [class org.springframework.web.servlet.resource.ResourceHttpRequestHandler]
2016-08-24 14:27:36.575  INFO 9821 --- [    Test worker] o.s.w.s.handler.SimpleUrlHandlerMapping  : Mapped URL path [/**/favicon.ico] onto handler of type [class org.springframework.web.servlet.resource.ResourceHttpRequestHandler]
2016-08-24 14:27:36.722  INFO 9821 --- [    Test worker] com.sky.news.NewsApiApplicationTests     : Started NewsApiApplicationTests in 2.217 seconds (JVM running for 2.905)
]]></system-out>
  <system-err><![CDATA[]]></system-err>
</testsuite>
